<?xml version="1.0" encoding="UTF-8"?>
<!-- Generated by org.testng.reporters.JUnitXMLReporter -->
<testsuite hostname="DESKTOP-PTPPKGU" ignored="2" name="Default test" tests="1" failures="0" timestamp="03 Feb 2018 06:22:29 GMT" time="14.063" errors="0">
  <testcase name="TC101" time="13.516" classname="testScripts.Module1"/>
  <testcase name="TC103" time="0.0" classname="testScripts.Module1">
    <ignored/>
  </testcase> <!-- TC103 -->
  <testcase name="TC102" time="0.0" classname="testScripts.Module1">
    <ignored/>
  </testcase> <!-- TC102 -->
</testsuite> <!-- Default test -->
