<?xml version="1.0" encoding="UTF-8"?>
<testng-results skipped="0" failed="0" ignored="2" total="3" passed="1">
  <reporter-output>
  </reporter-output>
  <suite name="Default suite" duration-ms="14063" started-at="2018-02-03T06:22:15Z" finished-at="2018-02-03T06:22:29Z">
    <groups>
    </groups>
    <test name="Default test" duration-ms="14063" started-at="2018-02-03T06:22:15Z" finished-at="2018-02-03T06:22:29Z">
      <class name="testScripts.Module1">
        <test-method status="PASS" signature="BeforeSuite()[pri:0, instance:testScripts.Module1@5f341870]" name="BeforeSuite" is-config="true" duration-ms="147" started-at="2018-02-03T11:52:15Z" finished-at="2018-02-03T11:52:15Z">
          <reporter-output>
          </reporter-output>
        </test-method> <!-- BeforeSuite -->
        <test-method status="PASS" signature="BeforeMethod(java.lang.reflect.Method)[pri:0, instance:testScripts.Module1@5f341870]" name="BeforeMethod" is-config="true" duration-ms="521" started-at="2018-02-03T11:52:15Z" finished-at="2018-02-03T11:52:16Z">
          <params>
            <param index="0">
              <value>
                <![CDATA[public void testScripts.Module1.TC101()]]>
              </value>
            </param>
          </params>
          <reporter-output>
          </reporter-output>
        </test-method> <!-- BeforeMethod -->
        <test-method status="PASS" signature="TC101()[pri:0, instance:testScripts.Module1@5f341870]" name="TC101" duration-ms="13516" started-at="2018-02-03T11:52:16Z" finished-at="2018-02-03T11:52:29Z">
          <reporter-output>
          </reporter-output>
        </test-method> <!-- TC101 -->
        <test-method status="PASS" signature="AfterMethod(org.testng.ITestResult)[pri:0, instance:testScripts.Module1@5f341870]" name="AfterMethod" is-config="true" duration-ms="9" started-at="2018-02-03T11:52:29Z" finished-at="2018-02-03T11:52:29Z">
          <params>
            <param index="0">
              <value>
                <![CDATA[[TestResult name=TC101 status=SUCCESS method=Module1.TC101()[pri:0, instance:testScripts.Module1@5f341870] output={null}]]]>
              </value>
            </param>
          </params>
          <reporter-output>
          </reporter-output>
        </test-method> <!-- AfterMethod -->
        <test-method status="PASS" signature="AfterSuite()[pri:0, instance:testScripts.Module1@5f341870]" name="AfterSuite" is-config="true" duration-ms="9589" started-at="2018-02-03T11:52:29Z" finished-at="2018-02-03T11:52:39Z">
          <reporter-output>
          </reporter-output>
        </test-method> <!-- AfterSuite -->
      </class> <!-- testScripts.Module1 -->
    </test> <!-- Default test -->
  </suite> <!-- Default suite -->
</testng-results>
